Using pre-set license
Built from '2022.3/staging' branch; Version is '2022.3.50f1 (c3db7f8bf9b1) revision 12835711'; Using compiler version '192829333'; Build Type 'Release'
OS: 'Windows 11  (10.0.26100) 64bit Core' Language: 'en' Physical Memory: 15706 MB
BatchMode: 1, IsHumanControllingUs: 0, StartBugReporterOnCrash: 0, Is64bit: 1, IsPro: 1

COMMAND LINE ARGUMENTS:
C:\Program Files\Unity\Hub\Editor\2022.3.50f1\Editor\Unity.exe
-adb2
-batchMode
-noUpm
-name
AssetImportWorker3
-projectPath
C:/Users/mcst2/OneDrive/Documents/Desktop/Unity/shipshape/shipshape
-logFile
Logs/AssetImportWorker3.log
-srvPort
64876
Successfully changed project path to: C:/Users/mcst2/OneDrive/Documents/Desktop/Unity/shipshape/shipshape
C:/Users/mcst2/OneDrive/Documents/Desktop/Unity/shipshape/shipshape
[UnityMemory] Configuration Parameters - Can be set up in boot.config
    "memorysetup-bucket-allocator-granularity=16"
    "memorysetup-bucket-allocator-bucket-count=8"
    "memorysetup-bucket-allocator-block-size=33554432"
    "memorysetup-bucket-allocator-block-count=8"
    "memorysetup-main-allocator-block-size=16777216"
    "memorysetup-thread-allocator-block-size=16777216"
    "memorysetup-gfx-main-allocator-block-size=16777216"
    "memorysetup-gfx-thread-allocator-block-size=16777216"
    "memorysetup-cache-allocator-block-size=4194304"
    "memorysetup-typetree-allocator-block-size=2097152"
    "memorysetup-profiler-bucket-allocator-granularity=16"
    "memorysetup-profiler-bucket-allocator-bucket-count=8"
    "memorysetup-profiler-bucket-allocator-block-size=33554432"
    "memorysetup-profiler-bucket-allocator-block-count=8"
    "memorysetup-profiler-allocator-block-size=16777216"
    "memorysetup-profiler-editor-allocator-block-size=1048576"
    "memorysetup-temp-allocator-size-main=16777216"
    "memorysetup-job-temp-allocator-block-size=2097152"
    "memorysetup-job-temp-allocator-block-size-background=1048576"
    "memorysetup-job-temp-allocator-reduction-small-platforms=262144"
    "memorysetup-allocator-temp-initial-block-size-main=262144"
    "memorysetup-allocator-temp-initial-block-size-worker=262144"
    "memorysetup-temp-allocator-size-background-worker=32768"
    "memorysetup-temp-allocator-size-job-worker=262144"
    "memorysetup-temp-allocator-size-preload-manager=33554432"
    "memorysetup-temp-allocator-size-nav-mesh-worker=65536"
    "memorysetup-temp-allocator-size-audio-worker=65536"
    "memorysetup-temp-allocator-size-cloud-worker=32768"
    "memorysetup-temp-allocator-size-gi-baking-worker=262144"
    "memorysetup-temp-allocator-size-gfx=262144"
Player connection [24752]  Target information:

Player connection [24752]  * "[IP] 192.168.1.27 [Port] 0 [Flags] 2 [Guid] 1636188882 [EditorId] 1636188882 [Version] 1048832 [Id] WindowsEditor(7,ME-Laptop) [Debug] 1 [PackageName] WindowsEditor [ProjectName] Editor" 

Player connection [24752] Host joined multi-casting on [225.0.0.222:54997]...
Player connection [24752] Host joined alternative multi-casting on [225.0.0.222:34997]...
[PhysX] Initialized MultithreadedTaskDispatcher with 16 workers.
Refreshing native plugins compatible for Editor in 47.82 ms, found 3 plugins.
Preloading 0 native plugins for Editor in 0.00 ms.
Initialize engine version: 2022.3.50f1 (c3db7f8bf9b1)
[Subsystems] Discovering subsystems at path C:/Program Files/Unity/Hub/Editor/2022.3.50f1/Editor/Data/Resources/UnitySubsystems
[Subsystems] Discovering subsystems at path C:/Users/mcst2/OneDrive/Documents/Desktop/Unity/shipshape/shipshape/Assets
GfxDevice: creating device client; threaded=0; jobified=0
Direct3D:
    Version:  Direct3D 11.0 [level 11.1]
    Renderer: AMD Radeon(TM) Graphics (ID=0x164c)
    Vendor:   ATI
    VRAM:     7853 MB
    Driver:   31.0.21923.1000
Initialize mono
Mono path[0] = 'C:/Program Files/Unity/Hub/Editor/2022.3.50f1/Editor/Data/Managed'
Mono path[1] = 'C:/Program Files/Unity/Hub/Editor/2022.3.50f1/Editor/Data/MonoBleedingEdge/lib/mono/unityjit-win32'
Mono config path = 'C:/Program Files/Unity/Hub/Editor/2022.3.50f1/Editor/Data/MonoBleedingEdge/etc'
Using monoOptions --debugger-agent=transport=dt_socket,embedding=1,server=y,suspend=n,address=127.0.0.1:56952
Begin MonoManager ReloadAssembly
Registering precompiled unity dll's ...
Register platform support module: C:/Program Files/Unity/Hub/Editor/2022.3.50f1/Editor/Data/PlaybackEngines/WindowsStandaloneSupport/UnityEditor.WindowsStandalone.Extensions.dll
Registered in 0.030187 seconds.
- Loaded All Assemblies, in  1.131 seconds
Native extension for WindowsStandalone target not found
Mono: successfully reloaded assembly
- Finished resetting the current domain, in  0.799 seconds
Domain Reload Profiling: 1924ms
	BeginReloadAssembly (381ms)
		ExecutionOrderSort (0ms)
		DisableScriptedObjects (0ms)
		BackupInstance (0ms)
		ReleaseScriptingObjects (0ms)
		CreateAndSetChildDomain (2ms)
	RebuildCommonClasses (116ms)
	RebuildNativeTypeToScriptingClass (29ms)
	initialDomainReloadingComplete (191ms)
	LoadAllAssembliesAndSetupDomain (407ms)
		LoadAssemblies (371ms)
		RebuildTransferFunctionScriptingTraits (0ms)
		AnalyzeDomain (398ms)
			TypeCache.Refresh (395ms)
				TypeCache.ScanAssembly (362ms)
			ScanForSourceGeneratedMonoScriptInfo (1ms)
			ResolveRequiredComponents (1ms)
	FinalizeReload (800ms)
		ReleaseScriptCaches (0ms)
		RebuildScriptCaches (0ms)
		SetupLoadedEditorAssemblies (669ms)
			LogAssemblyErrors (0ms)
			InitializePlatformSupportModulesInManaged (26ms)
			SetLoadedEditorAssemblies (21ms)
			RefreshPlugins (0ms)
			BeforeProcessingInitializeOnLoad (5ms)
			ProcessInitializeOnLoadAttributes (485ms)
			ProcessInitializeOnLoadMethodAttributes (132ms)
			AfterProcessingInitializeOnLoad (0ms)
			EditorAssembliesLoaded (0ms)
		ExecutionOrderSort2 (0ms)
		AwakeInstancesAfterBackupRestoration (0ms)
========================================================================
Worker process is ready to serve import requests
Caller must complete domain reload
Begin MonoManager ReloadAssembly
- Loaded All Assemblies, in  2.036 seconds
Native extension for WindowsStandalone target not found
Mono: successfully reloaded assembly
- Finished resetting the current domain, in  2.033 seconds
Domain Reload Profiling: 4055ms
	BeginReloadAssembly (416ms)
		ExecutionOrderSort (0ms)
		DisableScriptedObjects (16ms)
		BackupInstance (0ms)
		ReleaseScriptingObjects (0ms)
		CreateAndSetChildDomain (52ms)
	RebuildCommonClasses (97ms)
	RebuildNativeTypeToScriptingClass (31ms)
	initialDomainReloadingComplete (128ms)
	LoadAllAssembliesAndSetupDomain (1349ms)
		LoadAssemblies (1072ms)
		RebuildTransferFunctionScriptingTraits (0ms)
		AnalyzeDomain (528ms)
			TypeCache.Refresh (468ms)
				TypeCache.ScanAssembly (431ms)
			ScanForSourceGeneratedMonoScriptInfo (42ms)
			ResolveRequiredComponents (14ms)
	FinalizeReload (2035ms)
		ReleaseScriptCaches (0ms)
		RebuildScriptCaches (0ms)
		SetupLoadedEditorAssemblies (1563ms)
			LogAssemblyErrors (0ms)
			InitializePlatformSupportModulesInManaged (23ms)
			SetLoadedEditorAssemblies (12ms)
			RefreshPlugins (0ms)
			BeforeProcessingInitializeOnLoad (205ms)
			ProcessInitializeOnLoadAttributes (1209ms)
			ProcessInitializeOnLoadMethodAttributes (76ms)
			AfterProcessingInitializeOnLoad (37ms)
			EditorAssembliesLoaded (0ms)
		ExecutionOrderSort2 (0ms)
		AwakeInstancesAfterBackupRestoration (21ms)
Launched and connected shader compiler UnityShaderCompiler.exe after 0.38 seconds
Refreshing native plugins compatible for Editor in 29.36 ms, found 3 plugins.
Preloading 0 native plugins for Editor in 0.00 ms.
Unloading 3541 Unused Serialized files (Serialized files now loaded: 0)
Unloading 21 unused Assets / (54.6 KB). Loaded Objects now: 4009.
Memory consumption went from 127.3 MB to 127.2 MB.
Total: 11.679200 ms (FindLiveObjects: 1.015700 ms CreateObjectMapping: 0.670400 ms MarkObjects: 9.702500 ms  DeleteObjects: 0.287500 ms)

AssetImportParameters requested are different than current active one (requested -> active):
  custom:container-demuxer-ogg: 62fdf1f143b41e24485cea50d1cbac27 -> 
  custom:video-codec-MediaFoundation-h265: 746d11721c4dcdbdad8f713fa42b33f4 -> 
  custom:video-decoder-ogg-theora: a1e56fd34408186e4bbccfd4996cb3dc -> 
  custom:framework-win-MediaFoundation: 216162199b28c13a410421893ffa2e32 -> 
  custom:CustomObjectIndexerAttribute: 9a22284fe3817be447336de3de66b15e -> 
  custom:container-demuxer-webm: 4f35f7cbe854078d1ac9338744f61a02 -> 
  custom:container-muxer-webm: aa71ff27fc2769a1b78a27578f13a17b -> 
  custom:video-decoder-webm-vp8: 9c59270c3fd7afecdb556c50c9e8de78 -> 
  custom:SearchIndexIgnoredProperties: e643bd26f0fe6173181afceb89e7c659 -> 
  custom:AudioImporter_EditorPlatform: d09bf68614088b80899f8185d706f6e7 -> 
  custom:video-encoder-webm-vp8: eb34c28f22e8b96e1ab97ce403110664 -> 
  custom:audio-decoder-ogg-vorbis: bf7c407c2cedff20999df2af8eb42d56 -> 
  custom:audio-encoder-webm-vorbis: bf7c407c2cedff20999df2af8eb42d56 -> 
========================================================================
Received Import Request.
  Time since last request: 1664132.440548 seconds.
  path: Assets/Sayantan/Props/Large/Container_FREE/Scenes/Demo_Day_Standard/ReflectionProbe-4.exr
  artifactKey: Guid(a9212be497f068c43b12309286dfae2f) Importer(2089858483,0ecaa5967403d082aa24f35e1b516d23)
Start importing Assets/Sayantan/Props/Large/Container_FREE/Scenes/Demo_Day_Standard/ReflectionProbe-4.exr using Guid(a9212be497f068c43b12309286dfae2f) Importer(2089858483,0ecaa5967403d082aa24f35e1b516d23) [PhysX] Initialized MultithreadedTaskDispatcher with 16 workers.
 -> (artifact id: 'db5df1100992a74c6c89447205d856c6') in 0.381601 seconds
Number of updated asset objects reloaded before import = 0
Number of asset objects unloaded after import = 1
========================================================================
Received Import Request.
  Time since last request: 0.000091 seconds.
  path: Assets/Sayantan/Props/Large/Container_FREE/Prefabs/Clean/PfCont20FBeige.prefab
  artifactKey: Guid(6d804e78e99fe9b4cbe149e7cdaea98e) Importer(2089858483,0ecaa5967403d082aa24f35e1b516d23)
Start importing Assets/Sayantan/Props/Large/Container_FREE/Prefabs/Clean/PfCont20FBeige.prefab using Guid(6d804e78e99fe9b4cbe149e7cdaea98e) Importer(2089858483,0ecaa5967403d082aa24f35e1b516d23) [PhysX] Initialized MultithreadedTaskDispatcher with 16 workers.
 -> (artifact id: 'e19d283e384162c1830a48d59ca4a228') in 0.077084 seconds
Number of updated asset objects reloaded before import = 0
Number of asset objects unloaded after import = 10
========================================================================
Received Import Request.
  Time since last request: 0.000109 seconds.
  path: Assets/Sayantan/Props/Large/Container_FREE/Scenes/Demo_Day_Standard/Lightmap-0_comp_dir.png
  artifactKey: Guid(6d28125c91d54ab45bb353050af34dc3) Importer(2089858483,0ecaa5967403d082aa24f35e1b516d23)
Start importing Assets/Sayantan/Props/Large/Container_FREE/Scenes/Demo_Day_Standard/Lightmap-0_comp_dir.png using Guid(6d28125c91d54ab45bb353050af34dc3) Importer(2089858483,0ecaa5967403d082aa24f35e1b516d23) [PhysX] Initialized MultithreadedTaskDispatcher with 16 workers.
 -> (artifact id: '017f9b27d54cbe70bd3179f02f986b25') in 0.111119 seconds
Number of updated asset objects reloaded before import = 0
Number of asset objects unloaded after import = 1
========================================================================
Received Import Request.
  Time since last request: 0.000054 seconds.
  path: Assets/Sayantan/Props/Large/Container_FREE/Scenes/Demo_Day_Standard/ReflectionProbe-7.exr
  artifactKey: Guid(257437ddd77f9a3469e6e7beaf0fd8b6) Importer(2089858483,0ecaa5967403d082aa24f35e1b516d23)
Start importing Assets/Sayantan/Props/Large/Container_FREE/Scenes/Demo_Day_Standard/ReflectionProbe-7.exr using Guid(257437ddd77f9a3469e6e7beaf0fd8b6) Importer(2089858483,0ecaa5967403d082aa24f35e1b516d23) [PhysX] Initialized MultithreadedTaskDispatcher with 16 workers.
 -> (artifact id: 'dec6e1f9fdb3bd01052d3781bc00fa2b') in 0.044171 seconds
Number of updated asset objects reloaded before import = 0
Number of asset objects unloaded after import = 1
========================================================================
Received Import Request.
  Time since last request: 0.000043 seconds.
  path: Assets/materials/New Material.mat
  artifactKey: Guid(0960062c276333d4dbca5fa08c49453d) Importer(2089858483,0ecaa5967403d082aa24f35e1b516d23)
Start importing Assets/materials/New Material.mat using Guid(0960062c276333d4dbca5fa08c49453d) Importer(2089858483,0ecaa5967403d082aa24f35e1b516d23) [PhysX] Initialized MultithreadedTaskDispatcher with 16 workers.
 -> (artifact id: '3de3327369cacf0aa3718af7a4e1225f') in 0.056281 seconds
Number of updated asset objects reloaded before import = 0
Number of asset objects unloaded after import = 1
========================================================================
Received Import Request.
  Time since last request: 0.000060 seconds.
  path: Assets/Sayantan/Props/Large/Container_FREE/Scenes/Demo_Night_Standard/Lightmap-0_comp_dir.png
  artifactKey: Guid(f9e6b1aa836789b46bd7b4c467d722e9) Importer(2089858483,0ecaa5967403d082aa24f35e1b516d23)
Start importing Assets/Sayantan/Props/Large/Container_FREE/Scenes/Demo_Night_Standard/Lightmap-0_comp_dir.png using Guid(f9e6b1aa836789b46bd7b4c467d722e9) Importer(2089858483,0ecaa5967403d082aa24f35e1b516d23) [PhysX] Initialized MultithreadedTaskDispatcher with 16 workers.
 -> (artifact id: '377b756270a1cb52f4c73d9d6637897e') in 0.037967 seconds
Number of updated asset objects reloaded before import = 0
Number of asset objects unloaded after import = 1
========================================================================
Received Import Request.
  Time since last request: 0.000050 seconds.
  path: Assets/Sayantan/Props/Large/Container_FREE/Scenes/Demo_Day_Standard/LightingData.asset
  artifactKey: Guid(74a7aa09b5f5eb243a7356907dddfab9) Importer(2089858483,0ecaa5967403d082aa24f35e1b516d23)
Start importing Assets/Sayantan/Props/Large/Container_FREE/Scenes/Demo_Day_Standard/LightingData.asset using Guid(74a7aa09b5f5eb243a7356907dddfab9) Importer(2089858483,0ecaa5967403d082aa24f35e1b516d23) [PhysX] Initialized MultithreadedTaskDispatcher with 16 workers.
 -> (artifact id: '1db2a1adb62250da97c38af044e0a833') in 0.133436 seconds
Number of updated asset objects reloaded before import = 0
Number of asset objects unloaded after import = 2
========================================================================
Received Import Request.
  Time since last request: 0.000055 seconds.
  path: Assets/Scripts/EventBus.cs
  artifactKey: Guid(7f006724afab36f4686758f4dc790901) Importer(2089858483,0ecaa5967403d082aa24f35e1b516d23)
Start importing Assets/Scripts/EventBus.cs using Guid(7f006724afab36f4686758f4dc790901) Importer(2089858483,0ecaa5967403d082aa24f35e1b516d23) [PhysX] Initialized MultithreadedTaskDispatcher with 16 workers.
 -> (artifact id: '6b9e5f8b84e632879fdc016fefce6f51') in 0.021239 seconds
Number of updated asset objects reloaded before import = 0
Number of asset objects unloaded after import = 1
========================================================================
Received Import Request.
  Time since last request: 0.000045 seconds.
  path: Assets/Sayantan/Props/Large/Container_FREE/Prefabs/Clean/PfCont40FBeige.prefab
  artifactKey: Guid(4767f7b06d6cd0f478abad98f4bce002) Importer(2089858483,0ecaa5967403d082aa24f35e1b516d23)
Start importing Assets/Sayantan/Props/Large/Container_FREE/Prefabs/Clean/PfCont40FBeige.prefab using Guid(4767f7b06d6cd0f478abad98f4bce002) Importer(2089858483,0ecaa5967403d082aa24f35e1b516d23) [PhysX] Initialized MultithreadedTaskDispatcher with 16 workers.
 -> (artifact id: '360eb779afcf4dad07b20ecb5f216c84') in 0.027547 seconds
Number of updated asset objects reloaded before import = 0
Number of asset objects unloaded after import = 10
========================================================================
Received Import Request.
  Time since last request: 0.000053 seconds.
  path: Assets/Sayantan/Props/Large/Container_FREE/Materials/Mat_ContBeige2K.mat
  artifactKey: Guid(8f0c710c776584e4db0ef8665235459c) Importer(2089858483,0ecaa5967403d082aa24f35e1b516d23)
Start importing Assets/Sayantan/Props/Large/Container_FREE/Materials/Mat_ContBeige2K.mat using Guid(8f0c710c776584e4db0ef8665235459c) Importer(2089858483,0ecaa5967403d082aa24f35e1b516d23) [PhysX] Initialized MultithreadedTaskDispatcher with 16 workers.
 -> (artifact id: 'b238706277509b0325fabd8c0f172088') in 0.068454 seconds
Number of updated asset objects reloaded before import = 0
Number of asset objects unloaded after import = 4
========================================================================
Received Import Request.
  Time since last request: 0.000060 seconds.
  path: Assets/Sayantan/Props/Large/Container_FREE/Scenes/Demo_Day_Standard/ReflectionProbe-2.exr
  artifactKey: Guid(1668872065e63b3479a7fcf586f3893a) Importer(2089858483,0ecaa5967403d082aa24f35e1b516d23)
Start importing Assets/Sayantan/Props/Large/Container_FREE/Scenes/Demo_Day_Standard/ReflectionProbe-2.exr using Guid(1668872065e63b3479a7fcf586f3893a) Importer(2089858483,0ecaa5967403d082aa24f35e1b516d23) [PhysX] Initialized MultithreadedTaskDispatcher with 16 workers.
 -> (artifact id: '6181d98066fb8be11a2b1aca8d0abca3') in 0.033564 seconds
Number of updated asset objects reloaded before import = 0
Number of asset objects unloaded after import = 1
========================================================================
Received Import Request.
  Time since last request: 0.000189 seconds.
  path: Assets/Sayantan/Props/Large/Container_FREE/Scenes/Demo_Day_Standard/ReflectionProbe-3.exr
  artifactKey: Guid(af7e4f300060c524ea8925e4a6674957) Importer(2089858483,0ecaa5967403d082aa24f35e1b516d23)
Start importing Assets/Sayantan/Props/Large/Container_FREE/Scenes/Demo_Day_Standard/ReflectionProbe-3.exr using Guid(af7e4f300060c524ea8925e4a6674957) Importer(2089858483,0ecaa5967403d082aa24f35e1b516d23) [PhysX] Initialized MultithreadedTaskDispatcher with 16 workers.
 -> (artifact id: '5fdbd6959595ceb173a9528f02d89045') in 0.035819 seconds
Number of updated asset objects reloaded before import = 0
Number of asset objects unloaded after import = 1
========================================================================
Received Import Request.
  Time since last request: 0.000046 seconds.
  path: Assets/Sayantan/Props/Large/Container_FREE/Scenes/Demo_Day_Standard/ReflectionProbe-14.exr
  artifactKey: Guid(dded24b036d1d694f991332efaf4939a) Importer(2089858483,0ecaa5967403d082aa24f35e1b516d23)
Start importing Assets/Sayantan/Props/Large/Container_FREE/Scenes/Demo_Day_Standard/ReflectionProbe-14.exr using Guid(dded24b036d1d694f991332efaf4939a) Importer(2089858483,0ecaa5967403d082aa24f35e1b516d23) [PhysX] Initialized MultithreadedTaskDispatcher with 16 workers.
 -> (artifact id: 'b8dddb495e5cc27f9e2df55a84167158') in 0.033933 seconds
Number of updated asset objects reloaded before import = 0
Number of asset objects unloaded after import = 1
========================================================================
Received Import Request.
  Time since last request: 0.000043 seconds.
  path: Assets/Sayantan/Props/Large/Container_FREE/Scenes/Demo_Day_Standard/ReflectionProbe-17.exr
  artifactKey: Guid(0a76f4211ece6ac4fb7a0870173012c2) Importer(2089858483,0ecaa5967403d082aa24f35e1b516d23)
Start importing Assets/Sayantan/Props/Large/Container_FREE/Scenes/Demo_Day_Standard/ReflectionProbe-17.exr using Guid(0a76f4211ece6ac4fb7a0870173012c2) Importer(2089858483,0ecaa5967403d082aa24f35e1b516d23) [PhysX] Initialized MultithreadedTaskDispatcher with 16 workers.
 -> (artifact id: '70fb415e1a0267d5fe5efe43ce3293d0') in 0.036812 seconds
Number of updated asset objects reloaded before import = 0
Number of asset objects unloaded after import = 1
========================================================================
Received Import Request.
  Time since last request: 0.000040 seconds.
  path: Assets/Sayantan/Props/Large/Container_FREE/Scenes/Demo_Night_Standard/ReflectionProbe-4.exr
  artifactKey: Guid(3ee015c447d340545834264093972545) Importer(2089858483,0ecaa5967403d082aa24f35e1b516d23)
Start importing Assets/Sayantan/Props/Large/Container_FREE/Scenes/Demo_Night_Standard/ReflectionProbe-4.exr using Guid(3ee015c447d340545834264093972545) Importer(2089858483,0ecaa5967403d082aa24f35e1b516d23) [PhysX] Initialized MultithreadedTaskDispatcher with 16 workers.
 -> (artifact id: '5c18fd8613b5d6c2d5bfb9939ab5778c') in 0.037947 seconds
Number of updated asset objects reloaded before import = 0
Number of asset objects unloaded after import = 1
========================================================================
Received Import Request.
  Time since last request: 0.000050 seconds.
  path: Assets/Sayantan/Props/Large/Container_FREE/Scenes/Demo_Night_Standard/ReflectionProbe-13.exr
  artifactKey: Guid(d893e040ce2b98c4b9c0d6339d8a159c) Importer(2089858483,0ecaa5967403d082aa24f35e1b516d23)
Start importing Assets/Sayantan/Props/Large/Container_FREE/Scenes/Demo_Night_Standard/ReflectionProbe-13.exr using Guid(d893e040ce2b98c4b9c0d6339d8a159c) Importer(2089858483,0ecaa5967403d082aa24f35e1b516d23) [PhysX] Initialized MultithreadedTaskDispatcher with 16 workers.
 -> (artifact id: 'e6bfb6ae21b2a7ce5d5c267ee46458fc') in 0.033681 seconds
Number of updated asset objects reloaded before import = 0
Number of asset objects unloaded after import = 1
========================================================================
Received Import Request.
  Time since last request: 0.000046 seconds.
  path: Assets/Sayantan/Misc/Mat_ConcIndustrial_Standard.mat
  artifactKey: Guid(db098849f518b034eb48528ba09be94e) Importer(2089858483,0ecaa5967403d082aa24f35e1b516d23)
Start importing Assets/Sayantan/Misc/Mat_ConcIndustrial_Standard.mat using Guid(db098849f518b034eb48528ba09be94e) Importer(2089858483,0ecaa5967403d082aa24f35e1b516d23) [PhysX] Initialized MultithreadedTaskDispatcher with 16 workers.
 -> (artifact id: '3b4ac90ef76f4a4178848f22a5474441') in 0.045249 seconds
Number of updated asset objects reloaded before import = 0
Number of asset objects unloaded after import = 4
========================================================================
Received Import Request.
  Time since last request: 0.000067 seconds.
  path: Assets/Sayantan/Props/Large/Container_FREE/Textures/Container2K_Clean_mask.tga
  artifactKey: Guid(ab49534361a6a524ab44932cf0c65296) Importer(2089858483,0ecaa5967403d082aa24f35e1b516d23)
Start importing Assets/Sayantan/Props/Large/Container_FREE/Textures/Container2K_Clean_mask.tga using Guid(ab49534361a6a524ab44932cf0c65296) Importer(2089858483,0ecaa5967403d082aa24f35e1b516d23) [PhysX] Initialized MultithreadedTaskDispatcher with 16 workers.
 -> (artifact id: '5220fc69aa5062d1aef12ff24779cbbc') in 0.049244 seconds
Number of updated asset objects reloaded before import = 0
Number of asset objects unloaded after import = 1
========================================================================
Received Import Request.
  Time since last request: 0.000053 seconds.
  path: Assets/Sayantan/Props/Large/Container_FREE/Scenes/Demo_Day_Standard/ReflectionProbe-25.exr
  artifactKey: Guid(489550a5f4e316c4992469a2b94cbd76) Importer(2089858483,0ecaa5967403d082aa24f35e1b516d23)
Start importing Assets/Sayantan/Props/Large/Container_FREE/Scenes/Demo_Day_Standard/ReflectionProbe-25.exr using Guid(489550a5f4e316c4992469a2b94cbd76) Importer(2089858483,0ecaa5967403d082aa24f35e1b516d23) [PhysX] Initialized MultithreadedTaskDispatcher with 16 workers.
 -> (artifact id: '4fe0728084ab5e3132fe114230b6fc5e') in 0.034475 seconds
Number of updated asset objects reloaded before import = 0
Number of asset objects unloaded after import = 1
========================================================================
Received Import Request.
  Time since last request: 0.000045 seconds.
  path: Assets/Sayantan/Props/Large/Container_FREE/Scenes/Demo_Day_Standard/ReflectionProbe-19.exr
  artifactKey: Guid(d59fd54b35617c04ca063a9bfa27cf36) Importer(2089858483,0ecaa5967403d082aa24f35e1b516d23)
Start importing Assets/Sayantan/Props/Large/Container_FREE/Scenes/Demo_Day_Standard/ReflectionProbe-19.exr using Guid(d59fd54b35617c04ca063a9bfa27cf36) Importer(2089858483,0ecaa5967403d082aa24f35e1b516d23) [PhysX] Initialized MultithreadedTaskDispatcher with 16 workers.
 -> (artifact id: '0a61b1903135f51ce019bb9509f07685') in 0.030473 seconds
Number of updated asset objects reloaded before import = 0
Number of asset objects unloaded after import = 1
========================================================================
Received Import Request.
  Time since last request: 0.000039 seconds.
  path: Assets/Sayantan/Props/Large/Container_FREE/Scenes/Demo_Night_Standard/ReflectionProbe-22.exr
  artifactKey: Guid(c0a1bd59970ae104881f89ecd31c4e10) Importer(2089858483,0ecaa5967403d082aa24f35e1b516d23)
Start importing Assets/Sayantan/Props/Large/Container_FREE/Scenes/Demo_Night_Standard/ReflectionProbe-22.exr using Guid(c0a1bd59970ae104881f89ecd31c4e10) Importer(2089858483,0ecaa5967403d082aa24f35e1b516d23) [PhysX] Initialized MultithreadedTaskDispatcher with 16 workers.
 -> (artifact id: '386d9bfbbf1c646e91f7569932a20cad') in 0.030370 seconds
Number of updated asset objects reloaded before import = 0
Number of asset objects unloaded after import = 1
Editor requested this worker to shutdown with reason: Scaling down because of idle timeout
TcpMessagingSession - receive error: operation aborted. errorcode: 995, details: The I/O operation has been aborted because of either a thread exit or an application request.
AssetImportWorker is now disconnected from the server
Process exiting
Exiting without the bug reporter. Application will terminate with return code 0